[35m[1mScanning dependencies of target std_msgs_generate_messages_py[0m
[35m[1mScanning dependencies of target std_msgs_generate_messages_lisp[0m
[35m[1mScanning dependencies of target _sensorbox_generate_messages_check_deps_AQI[0m
[35m[1mScanning dependencies of target std_msgs_generate_messages_cpp[0m
[  0%] Built target std_msgs_generate_messages_py
[  0%] Built target std_msgs_generate_messages_lisp
[  0%] Built target std_msgs_generate_messages_cpp
[35m[1mScanning dependencies of target std_msgs_generate_messages_nodejs[0m
[35m[1mScanning dependencies of target std_msgs_generate_messages_eus[0m
[  0%] Built target std_msgs_generate_messages_nodejs
[  0%] Built target std_msgs_generate_messages_eus
[  0%] Built target _sensorbox_generate_messages_check_deps_AQI
[35m[1mScanning dependencies of target sensorbox_generate_messages_cpp[0m
[35m[1mScanning dependencies of target sensorbox_generate_messages_py[0m
[35m[1mScanning dependencies of target sensorbox_generate_messages_nodejs[0m
[35m[1mScanning dependencies of target sensorbox_generate_messages_lisp[0m
[ 14%] [34m[1mGenerating C++ code from sensorbox/AQI.msg[0m
[ 28%] [34m[1mGenerating Python from MSG sensorbox/AQI[0m
[ 42%] [34m[1mGenerating Javascript code from sensorbox/AQI.msg[0m
[ 57%] [34m[1mGenerating Lisp code from sensorbox/AQI.msg[0m
[ 57%] Built target sensorbox_generate_messages_nodejs
[ 57%] Built target sensorbox_generate_messages_lisp
[35m[1mScanning dependencies of target sensorbox_generate_messages_eus[0m
Traceback (most recent call last):
  File "/opt/ros/melodic/share/gencpp/cmake/../../../lib/gencpp/gen_cpp.py", line 43, in <module>
    import genmsg.template_tools
  File "/opt/ros/melodic/lib/python2.7/dist-packages/genmsg/template_tools.py", line 39, in <module>
    import em
ModuleNotFoundError: No module named 'em'
[ 85%] [34m[1mGenerating EusLisp manifest code for sensorbox[0m
[ 85%] [34m[1mGenerating EusLisp code from sensorbox/AQI.msg[0m
CMakeFiles/sensorbox_generate_messages_cpp.dir/build.make:62: recipe for target '/mobility-tracking/sbx_ws/devel/.private/sensorbox/include/sensorbox/AQI.h' failed
make[2]: *** [/mobility-tracking/sbx_ws/devel/.private/sensorbox/include/sensorbox/AQI.h] Error 1
CMakeFiles/Makefile2:721: recipe for target 'CMakeFiles/sensorbox_generate_messages_cpp.dir/all' failed
make[1]: *** [CMakeFiles/sensorbox_generate_messages_cpp.dir/all] Error 2
make[1]: *** Waiting for unfinished jobs....
[100%] [34m[1mGenerating Python msg __init__.py for sensorbox[0m
[100%] Built target sensorbox_generate_messages_py
[100%] Built target sensorbox_generate_messages_eus
Makefile:140: recipe for target 'all' failed
make: *** [all] Error 2
